<?xml version="1.0" encoding="UTF-8" ?>
<testsuite errors="0" failures="0" hostname="Matias" name="RobottiTest" skipped="0" tests="5" time="0.088" timestamp="2015-04-01T17:06:04">
  <properties>
[...]
</properties>
  <testcase classname="RobottiTest" name="ohjainKaynnistetaanAlussaJaSammutetaanLopussa" time="0.017" />
  <testcase classname="RobottiTest" name="piirretaanIsoSuorakulmio" time="0.002" />
  <testcase classname="RobottiTest" name="piirretaanVainSuorakulmiot" time="0.004" />
  <testcase classname="RobottiTest" name="piirretaanPieniSuorakulmio" time="0.001" />
  <testcase classname="RobottiTest" name="lopetetaanVasempaanYlakulmaan" time="0.002" />
  <system-out><![CDATA[]]></system-out>
  <system-err><![CDATA[]]></system-err>
</testsuite>
